{"ts":1737656169522,"action":"PROJECT_OPENED","tags":{"PROJECT_NAME":"hybrid-fitness-factory"}}
{"ts":1737656173417,"action":"IDE_DEACTIVATED"}
{"ts":1737656226968,"action":"IDE_ACTIVATED"}
{"ts":1737656284941,"action":"IDE_DEACTIVATED"}
{"ts":1737656300847,"action":"IDE_ACTIVATED"}
{"ts":1737656304257,"action":"IDE_DEACTIVATED"}
{"ts":1737656442681,"action":"IDE_ACTIVATED"}
{"ts":1737656446494,"action":"FILE_OPENED","file":"/style.css","tags":{"FILE_LINE_OF_CODE":"1858"}}
{"ts":1737656453333,"action":"IDE_DEACTIVATED"}
{"ts":1737656457255,"action":"IDE_ACTIVATED"}
{"ts":1737656471970,"action":"IDE_DEACTIVATED"}
{"ts":1737656490790,"action":"IDE_ACTIVATED"}
{"ts":1737656496539,"action":"IDE_DEACTIVATED"}
{"ts":1737656568256,"action":"IDE_ACTIVATED"}
{"ts":1737656582948,"action":"IDE_DEACTIVATED"}
{"ts":1737656601861,"action":"IDE_ACTIVATED"}
{"ts":1737656622657,"action":"IDE_DEACTIVATED"}
{"ts":1737656715351,"action":"IDE_ACTIVATED"}
{"ts":1737656719229,"action":"IDE_DEACTIVATED"}
{"ts":1737656719347,"action":"IDE_ACTIVATED"}
{"ts":1737656723405,"action":"FILE_CLOSED","file":"/style.css","tags":{"FILE_LINE_OF_CODE":"1858"}}
{"ts":1737656726450,"action":"FILE_OPENED","file":"/style.css","tags":{"FILE_LINE_OF_CODE":"1858"}}
{"ts":1737656762015,"action":"IDE_DEACTIVATED"}
{"ts":1737656767914,"action":"IDE_ACTIVATED"}
{"ts":1737656775795,"action":"IDE_DEACTIVATED"}
{"ts":1737656797511,"action":"IDE_ACTIVATED"}
{"ts":1737656800591,"action":"IDE_DEACTIVATED"}
{"ts":1737656820920,"action":"IDE_ACTIVATED"}
{"ts":1737656829986,"action":"FILE_CLOSED","file":"/hff/style.css","tags":{"FILE_LINE_OF_CODE":"1858"}}
{"ts":1737656829986,"action":"FILE_OPENED","file":"/hff/index.html","tags":{"FILE_LINE_OF_CODE":"161"}}
{"ts":1737656937679,"action":"IDE_DEACTIVATED"}
{"ts":1737656956027,"action":"IDE_ACTIVATED"}
{"ts":1737656962315,"action":"FILE_CLOSED","file":"/hff/index.html","tags":{"FILE_LINE_OF_CODE":"161"}}
{"ts":1737656962315,"action":"FILE_OPENED","file":"/hff/style.css","tags":{"FILE_LINE_OF_CODE":"1858"}}
{"ts":1737657101736,"action":"IDE_DEACTIVATED"}
{"ts":1737657106293,"action":"IDE_ACTIVATED"}
{"ts":1737657128945,"action":"IDE_DEACTIVATED"}
{"ts":1737657168167,"action":"IDE_ACTIVATED"}
{"ts":1737657179671,"action":"FILE_CLOSED","file":"/style.css","tags":{"FILE_LINE_OF_CODE":"1858"}}
{"ts":1737657179671,"action":"FILE_OPENED","file":"/index.html","tags":{"FILE_LINE_OF_CODE":"161"}}
{"ts":1737657215833,"action":"IDE_DEACTIVATED"}
{"ts":1737657327911,"action":"IDE_ACTIVATED"}
{"ts":1737657382489,"action":"IDE_DEACTIVATED"}
{"ts":1737657390325,"action":"IDE_ACTIVATED"}
{"ts":1737657434544,"action":"IDE_DEACTIVATED"}
{"ts":1737657451669,"action":"IDE_ACTIVATED"}
{"ts":1737657462400,"action":"IDE_DEACTIVATED"}
{"ts":1737657469923,"action":"IDE_ACTIVATED"}
{"ts":1737657472662,"action":"IDE_DEACTIVATED"}
{"ts":1737657481527,"action":"IDE_ACTIVATED"}
{"ts":1737657482016,"action":"IDE_DEACTIVATED"}
{"ts":1737657485399,"action":"IDE_ACTIVATED"}
{"ts":1737657526285,"action":"IDE_DEACTIVATED"}
{"ts":1737657767292,"action":"IDE_ACTIVATED"}
{"ts":1737657768005,"action":"IDE_DEACTIVATED"}
{"ts":1737657922439,"action":"IDE_ACTIVATED"}
{"ts":1737657927997,"action":"IDE_DEACTIVATED"}
{"ts":1737657929701,"action":"IDE_ACTIVATED"}
{"ts":1737657953639,"action":"IDE_DEACTIVATED"}
{"ts":1737657957091,"action":"IDE_ACTIVATED"}
{"ts":1737657995314,"action":"IDE_DEACTIVATED"}
{"ts":1737658024617,"action":"IDE_ACTIVATED"}
{"ts":1737658050287,"action":"IDE_DEACTIVATED"}
{"ts":1737658114086,"action":"IDE_ACTIVATED"}
{"ts":1737658141959,"action":"IDE_DEACTIVATED"}
{"ts":1737658218151,"action":"IDE_ACTIVATED"}
{"ts":1737658219838,"action":"FILE_CLOSED","file":"/index.html","tags":{"FILE_LINE_OF_CODE":"161"}}
{"ts":1737658219838,"action":"FILE_OPENED","file":"/css/style.css","tags":{"FILE_LINE_OF_CODE":"1858"}}
{"ts":1737658290595,"action":"IDE_DEACTIVATED"}
{"ts":1737658360894,"action":"IDE_ACTIVATED"}
{"ts":1737658393912,"action":"IDE_DEACTIVATED"}
{"ts":1737658398147,"action":"IDE_ACTIVATED"}
{"ts":1737658403604,"action":"IDE_DEACTIVATED"}
{"ts":1737658406774,"action":"IDE_ACTIVATED"}
{"ts":1737658414739,"action":"IDE_DEACTIVATED"}
{"ts":1737658434125,"action":"IDE_ACTIVATED"}
{"ts":1737658441795,"action":"IDE_DEACTIVATED"}
{"ts":1737658443497,"action":"IDE_ACTIVATED"}
{"ts":1737658446351,"action":"IDE_DEACTIVATED"}
{"ts":1737658473383,"action":"IDE_ACTIVATED"}
{"ts":1737658477555,"action":"FILE_CLOSED","file":"/css/style.css","tags":{"FILE_LINE_OF_CODE":"1858"}}
{"ts":1737658477555,"action":"FILE_OPENED","file":"/index.html","tags":{"FILE_LINE_OF_CODE":"161"}}
{"ts":1737658496177,"action":"FILE_CLOSED","file":"/index.html","tags":{"FILE_LINE_OF_CODE":"161"}}
{"ts":1737658496177,"action":"FILE_OPENED","file":"/css/style.css","tags":{"FILE_LINE_OF_CODE":"1858"}}
{"ts":1737658504019,"action":"IDE_DEACTIVATED"}
{"ts":1737658545198,"action":"IDE_ACTIVATED"}
{"ts":1737658574968,"action":"IDE_DEACTIVATED"}
{"ts":1737658584166,"action":"IDE_ACTIVATED"}
{"ts":1737658591106,"action":"IDE_DEACTIVATED"}
{"ts":1737658596325,"action":"IDE_ACTIVATED"}
{"ts":1737658683579,"action":"FILE_CLOSED","file":"/style.css","tags":{"FILE_LINE_OF_CODE":"1858"}}
{"ts":1737658683579,"action":"FILE_OPENED","file":"/index.html","tags":{"FILE_LINE_OF_CODE":"161"}}
{"ts":1737658710257,"action":"IDE_DEACTIVATED"}
